Loading required package: methods
Loading required package: Rcpp
Loading required package: ashr
Loading required package: truncnorm
Loading required package: plyr
Loading required package: SQUAREM
Loading required package: doParallel
Loading required package: foreach
Loading required package: iterators
Loading required package: parallel
Loading required package: pscl
Loading required package: MASS
Loading required package: lattice
Classes and Methods for R developed in the

Political Science Computational Laboratory

Department of Political Science

Stanford University

Simon Jackman

hurdle and zeroinfl functions by Achim Zeileis

Loading required package: tools
Loading required package: data.table
Read 1 item
Warning message:
In dir.create(dir.name) :
  '/mnt/lustre/home/zrxing/multiscale_analysis_encode/simulation/results/2t11/betabin/mr' already exists
Loading required package: methods
Loading required package: Rcpp
Loading required package: ashr
Loading required package: truncnorm
Loading required package: plyr
Loading required package: SQUAREM
Loading required package: doParallel
Loading required package: foreach
Loading required package: iterators
Loading required package: parallel
Loading required package: pscl
Loading required package: MASS
Loading required package: lattice
Classes and Methods for R developed in the

Political Science Computational Laboratory

Department of Political Science

Stanford University

Simon Jackman

hurdle and zeroinfl functions by Achim Zeileis

Loading required package: tools
Loading required package: data.table
Read 1 item
Warning message:
In dir.create(dir.name) :
  '/mnt/lustre/home/zrxing/multiscale_analysis_encode/simulation/results/2t11/betabin/mr' already exists
Warning message:
In dir.create(dir.name) :
  '/mnt/lustre/home/zrxing/multiscale_analysis_encode/simulation/results/2t11/betabin/mr//chr1.112038460.112040507' already exists
