Loading required package: combinat

Attaching package: ‘combinat’

The following object is masked from ‘package:utils’:

    combn

Loading required package: methods
Loading required package: truncnorm
Loading required package: plyr
Loading required package: SQUAREM
Loading required package: doParallel
Loading required package: foreach
Loading required package: iterators
Loading required package: parallel
Loading required package: pscl
Loading required package: MASS
Loading required package: lattice
Classes and Methods for R developed in the

Political Science Computational Laboratory

Department of Political Science

Stanford University

Simon Jackman

hurdle and zeroinfl functions by Achim Zeileis

Loading required package: Rcpp
Loading required package: tools
Loading required package: data.table
Loading required package: limma
Loading required package: numDeriv
Loading required package: quantreg
Loading required package: SparseM

Attaching package: ‘SparseM’

The following object is masked from ‘package:base’:

    backsolve


Attaching package: ‘turboEM’

The following objects are masked from ‘package:numDeriv’:

    grad, hessian

Read 1 item
