Loading required package: methods
Loading required package: truncnorm
Loading required package: plyr
Loading required package: SQUAREM
Loading required package: doParallel
Loading required package: foreach
Loading required package: iterators
Loading required package: parallel
Loading required package: pscl
Loading required package: MASS
Loading required package: lattice
Classes and Methods for R developed in the

Political Science Computational Laboratory

Department of Political Science

Stanford University

Simon Jackman

hurdle and zeroinfl functions by Achim Zeileis

Loading required package: Rcpp
Loading required package: tools
Loading required package: data.table
Read 1 item
Warning messages:
1: In EMest(betahat[completeobs], lambda1 * sebetahat[completeobs] +  :
  EM algorithm in function mixEM failed to converge. Results may be unreliable. Try increasing maxiter and rerunning.
2: In EMest(betahat[completeobs], lambda1 * sebetahat[completeobs] +  :
  EM algorithm in function mixEM failed to converge. Results may be unreliable. Try increasing maxiter and rerunning.
3: In EMest(betahat[completeobs], lambda1 * sebetahat[completeobs] +  :
  EM algorithm in function mixEM failed to converge. Results may be unreliable. Try increasing maxiter and rerunning.
4: In EMest(betahat[completeobs], lambda1 * sebetahat[completeobs] +  :
  EM algorithm in function mixEM failed to converge. Results may be unreliable. Try increasing maxiter and rerunning.
5: In EMest(betahat[completeobs], lambda1 * sebetahat[completeobs] +  :
  EM algorithm in function mixEM failed to converge. Results may be unreliable. Try increasing maxiter and rerunning.
6: In EMest(betahat[completeobs], lambda1 * sebetahat[completeobs] +  :
  EM algorithm in function mixEM failed to converge. Results may be unreliable. Try increasing maxiter and rerunning.
